mode: atomic
github.com/projectcalico/calico/guardian/pkg/tunnel/dial.go:72.81,82.27 2 0
github.com/projectcalico/calico/guardian/pkg/tunnel/dial.go:82.27,83.32 1 0
github.com/projectcalico/calico/guardian/pkg/tunnel/dial.go:83.32,85.4 1 0
github.com/projectcalico/calico/guardian/pkg/tunnel/dial.go:88.2,88.15 1 0
github.com/projectcalico/calico/guardian/pkg/tunnel/dial.go:91.107,100.27 2 0
github.com/projectcalico/calico/guardian/pkg/tunnel/dial.go:100.27,101.32 1 0
github.com/projectcalico/calico/guardian/pkg/tunnel/dial.go:101.32,103.4 1 0
github.com/projectcalico/calico/guardian/pkg/tunnel/dial.go:106.2,106.15 1 0
github.com/projectcalico/calico/guardian/pkg/tunnel/dial.go:109.49,111.24 2 0
github.com/projectcalico/calico/guardian/pkg/tunnel/dial.go:111.24,112.39 1 0
github.com/projectcalico/calico/guardian/pkg/tunnel/dial.go:112.39,112.73 1 0
github.com/projectcalico/calico/guardian/pkg/tunnel/dial.go:113.8,115.3 1 0
github.com/projectcalico/calico/guardian/pkg/tunnel/dial.go:116.2,117.16 2 0
github.com/projectcalico/calico/guardian/pkg/tunnel/dial.go:117.16,119.3 1 0
github.com/projectcalico/calico/guardian/pkg/tunnel/dial.go:121.2,127.16 7 0
github.com/projectcalico/calico/guardian/pkg/tunnel/dial.go:127.16,129.3 1 0
github.com/projectcalico/calico/guardian/pkg/tunnel/dial.go:130.2,130.21 1 0
github.com/projectcalico/calico/guardian/pkg/tunnel/dial.go:134.53,141.27 5 0
github.com/projectcalico/calico/guardian/pkg/tunnel/dial.go:141.27,145.17 3 0
github.com/projectcalico/calico/guardian/pkg/tunnel/dial.go:145.17,147.4 1 0
github.com/projectcalico/calico/guardian/pkg/tunnel/dial.go:148.8,152.17 3 0
github.com/projectcalico/calico/guardian/pkg/tunnel/dial.go:152.17,154.4 1 0
github.com/projectcalico/calico/guardian/pkg/tunnel/dial.go:156.2,159.15 2 0
github.com/projectcalico/calico/guardian/pkg/tunnel/dial.go:162.51,167.2 1 0
github.com/projectcalico/calico/guardian/pkg/tunnel/dial.go:169.149,173.38 3 0
github.com/projectcalico/calico/guardian/pkg/tunnel/dial.go:173.38,175.3 1 0
github.com/projectcalico/calico/guardian/pkg/tunnel/dial.go:175.8,177.3 1 0
github.com/projectcalico/calico/guardian/pkg/tunnel/dial.go:178.2,178.16 1 0
github.com/projectcalico/calico/guardian/pkg/tunnel/dial.go:178.16,180.3 1 0
github.com/projectcalico/calico/guardian/pkg/tunnel/dial.go:183.2,185.32 3 0
github.com/projectcalico/calico/guardian/pkg/tunnel/dial.go:185.32,190.3 4 0
github.com/projectcalico/calico/guardian/pkg/tunnel/dial.go:191.2,195.16 3 0
github.com/projectcalico/calico/guardian/pkg/tunnel/dial.go:195.16,197.3 1 0
github.com/projectcalico/calico/guardian/pkg/tunnel/dial.go:198.2,200.16 3 0
github.com/projectcalico/calico/guardian/pkg/tunnel/dial.go:200.16,202.3 1 0
github.com/projectcalico/calico/guardian/pkg/tunnel/dial.go:203.2,203.27 1 0
github.com/projectcalico/calico/guardian/pkg/tunnel/dial.go:203.27,205.3 1 0
github.com/projectcalico/calico/guardian/pkg/tunnel/dial.go:206.2,206.23 1 0
github.com/projectcalico/calico/guardian/pkg/tunnel/dial.go:206.23,210.3 1 0
github.com/projectcalico/calico/guardian/pkg/tunnel/dial.go:216.2,217.69 2 0
github.com/projectcalico/calico/guardian/pkg/tunnel/dial.go:217.69,220.3 2 0
github.com/projectcalico/calico/guardian/pkg/tunnel/dial.go:221.2,221.19 1 0
github.com/projectcalico/calico/guardian/pkg/tunnel/dial.go:224.133,229.12 4 0
github.com/projectcalico/calico/guardian/pkg/tunnel/dial.go:229.12,230.38 1 0
github.com/projectcalico/calico/guardian/pkg/tunnel/dial.go:230.38,232.18 2 0
github.com/projectcalico/calico/guardian/pkg/tunnel/dial.go:232.18,234.30 2 0
github.com/projectcalico/calico/guardian/pkg/tunnel/dial.go:234.30,236.6 1 0
github.com/projectcalico/calico/guardian/pkg/tunnel/dial.go:236.11,238.6 1 0
github.com/projectcalico/calico/guardian/pkg/tunnel/dial.go:239.5,240.13 2 0
github.com/projectcalico/calico/guardian/pkg/tunnel/dial.go:242.4,242.9 1 0
github.com/projectcalico/calico/guardian/pkg/tunnel/dial.go:244.3,244.14 1 0
github.com/projectcalico/calico/guardian/pkg/tunnel/dial.go:247.2,247.9 1 0
github.com/projectcalico/calico/guardian/pkg/tunnel/dial.go:248.14,248.14 0 0
github.com/projectcalico/calico/guardian/pkg/tunnel/dial.go:249.29,250.72 1 0
github.com/projectcalico/calico/guardian/pkg/tunnel/dial.go:253.2,253.18 1 0
github.com/projectcalico/calico/guardian/pkg/tunnel/log.go:23.59,26.2 2 0
github.com/projectcalico/calico/guardian/pkg/tunnel/options.go:29.92,30.43 1 0
github.com/projectcalico/calico/guardian/pkg/tunnel/options.go:30.43,34.3 3 0
github.com/projectcalico/calico/guardian/pkg/tunnel/options.go:37.64,38.43 1 0
github.com/projectcalico/calico/guardian/pkg/tunnel/options.go:38.43,41.3 2 0
github.com/projectcalico/calico/guardian/pkg/tunnel/options.go:44.62,45.43 1 0
github.com/projectcalico/calico/guardian/pkg/tunnel/options.go:45.43,48.3 2 0
github.com/projectcalico/calico/guardian/pkg/tunnel/options.go:51.72,52.43 1 0
github.com/projectcalico/calico/guardian/pkg/tunnel/options.go:52.43,55.3 2 0
github.com/projectcalico/calico/guardian/pkg/tunnel/options.go:58.65,59.43 1 0
github.com/projectcalico/calico/guardian/pkg/tunnel/options.go:59.43,60.30 1 0
github.com/projectcalico/calico/guardian/pkg/tunnel/options.go:60.30,62.4 1 0
github.com/projectcalico/calico/guardian/pkg/tunnel/options.go:63.3,64.13 2 0
github.com/projectcalico/calico/guardian/pkg/tunnel/tunnel.go:46.71,48.2 1 2
github.com/projectcalico/calico/guardian/pkg/tunnel/tunnel.go:70.49,72.2 1 6
github.com/projectcalico/calico/guardian/pkg/tunnel/tunnel.go:74.70,76.2 1 6
github.com/projectcalico/calico/guardian/pkg/tunnel/tunnel.go:78.71,89.25 2 6
github.com/projectcalico/calico/guardian/pkg/tunnel/tunnel.go:89.25,90.30 1 0
github.com/projectcalico/calico/guardian/pkg/tunnel/tunnel.go:90.30,92.4 1 0
github.com/projectcalico/calico/guardian/pkg/tunnel/tunnel.go:95.2,95.15 1 6
github.com/projectcalico/calico/guardian/pkg/tunnel/tunnel.go:100.53,104.26 2 6
github.com/projectcalico/calico/guardian/pkg/tunnel/tunnel.go:104.26,106.17 2 6
github.com/projectcalico/calico/guardian/pkg/tunnel/tunnel.go:106.17,109.4 2 0
github.com/projectcalico/calico/guardian/pkg/tunnel/tunnel.go:110.3,110.29 1 6
github.com/projectcalico/calico/guardian/pkg/tunnel/tunnel.go:112.2,112.12 1 6
github.com/projectcalico/calico/guardian/pkg/tunnel/tunnel.go:115.56,122.74 6 6
github.com/projectcalico/calico/guardian/pkg/tunnel/tunnel.go:122.74,122.101 1 4
github.com/projectcalico/calico/guardian/pkg/tunnel/tunnel.go:123.2,123.81 1 6
github.com/projectcalico/calico/guardian/pkg/tunnel/tunnel.go:123.81,125.3 1 3
github.com/projectcalico/calico/guardian/pkg/tunnel/tunnel.go:126.2,126.76 1 6
github.com/projectcalico/calico/guardian/pkg/tunnel/tunnel.go:126.76,126.105 1 4
github.com/projectcalico/calico/guardian/pkg/tunnel/tunnel.go:127.2,127.73 1 6
github.com/projectcalico/calico/guardian/pkg/tunnel/tunnel.go:127.73,129.3 1 0
github.com/projectcalico/calico/guardian/pkg/tunnel/tunnel.go:130.2,137.15 3 6
github.com/projectcalico/calico/guardian/pkg/tunnel/tunnel.go:137.15,139.23 2 6
github.com/projectcalico/calico/guardian/pkg/tunnel/tunnel.go:139.23,140.44 1 6
github.com/projectcalico/calico/guardian/pkg/tunnel/tunnel.go:140.44,142.5 1 0
github.com/projectcalico/calico/guardian/pkg/tunnel/tunnel.go:145.3,145.22 1 6
github.com/projectcalico/calico/guardian/pkg/tunnel/tunnel.go:145.22,146.41 1 2
github.com/projectcalico/calico/guardian/pkg/tunnel/tunnel.go:146.41,148.5 1 8
github.com/projectcalico/calico/guardian/pkg/tunnel/tunnel.go:149.4,149.10 1 2
github.com/projectcalico/calico/guardian/pkg/tunnel/tunnel.go:153.2,153.6 1 6
github.com/projectcalico/calico/guardian/pkg/tunnel/tunnel.go:153.6,154.10 1 15
github.com/projectcalico/calico/guardian/pkg/tunnel/tunnel.go:155.44,156.25 1 3
github.com/projectcalico/calico/guardian/pkg/tunnel/tunnel.go:157.47,158.28 1 3
github.com/projectcalico/calico/guardian/pkg/tunnel/tunnel.go:159.46,160.27 1 3
github.com/projectcalico/calico/guardian/pkg/tunnel/tunnel.go:161.43,162.24 1 0
github.com/projectcalico/calico/guardian/pkg/tunnel/tunnel.go:163.31,164.22 1 2
github.com/projectcalico/calico/guardian/pkg/tunnel/tunnel.go:164.22,167.5 2 0
github.com/projectcalico/calico/guardian/pkg/tunnel/tunnel.go:168.4,169.21 2 2
github.com/projectcalico/calico/guardian/pkg/tunnel/tunnel.go:170.21,171.10 1 4
github.com/projectcalico/calico/guardian/pkg/tunnel/tunnel.go:175.3,175.16 1 11
github.com/projectcalico/calico/guardian/pkg/tunnel/tunnel.go:175.16,177.12 2 0
github.com/projectcalico/calico/guardian/pkg/tunnel/tunnel.go:180.3,181.40 2 11
github.com/projectcalico/calico/guardian/pkg/tunnel/tunnel.go:181.40,182.40 1 39
github.com/projectcalico/calico/guardian/pkg/tunnel/tunnel.go:182.40,183.22 1 4
github.com/projectcalico/calico/guardian/pkg/tunnel/tunnel.go:183.22,187.6 3 2
github.com/projectcalico/calico/guardian/pkg/tunnel/tunnel.go:189.5,190.24 2 2
github.com/projectcalico/calico/guardian/pkg/tunnel/tunnel.go:196.36,197.16 1 2
github.com/projectcalico/calico/guardian/pkg/tunnel/tunnel.go:197.16,199.13 2 2
github.com/projectcalico/calico/guardian/pkg/tunnel/tunnel.go:199.13,202.4 2 2
github.com/projectcalico/calico/guardian/pkg/tunnel/tunnel.go:206.70,208.2 1 3
github.com/projectcalico/calico/guardian/pkg/tunnel/tunnel.go:210.45,212.2 1 3
github.com/projectcalico/calico/guardian/pkg/tunnel/tunnel.go:215.62,217.2 1 0
github.com/projectcalico/calico/guardian/pkg/tunnel/tunnel.go:220.62,222.2 1 3
github.com/projectcalico/calico/guardian/pkg/tunnel/tunnel.go:224.45,226.2 1 0
github.com/projectcalico/calico/guardian/pkg/tunnel/tunnel.go:232.41,234.2 1 0
github.com/projectcalico/calico/guardian/pkg/tunnel/tunnel.go:236.40,238.2 1 0
github.com/projectcalico/calico/guardian/pkg/tunnel/tunnel.go:246.44,248.2 1 3
github.com/projectcalico/calico/guardian/pkg/tunnel/tunnel.go:251.47,253.2 1 3
github.com/projectcalico/calico/guardian/pkg/tunnel/tunnel.go:256.34,258.2 1 0
github.com/projectcalico/calico/guardian/pkg/tunnel/tunnel.go:260.36,263.16 2 0
github.com/projectcalico/calico/guardian/pkg/tunnel/tunnel.go:263.16,265.3 1 0
github.com/projectcalico/calico/guardian/pkg/tunnel/tunnel.go:266.2,266.10 1 0
