mode: atomic
github.com/tigera/image-assurance/pkg/chan/chan.go:13.56,17.36 2 5
github.com/tigera/image-assurance/pkg/chan/chan.go:17.36,18.10 1 16
github.com/tigera/image-assurance/pkg/chan/chan.go:19.22,20.11 1 14
github.com/tigera/image-assurance/pkg/chan/chan.go:20.11,21.15 1 1
github.com/tigera/image-assurance/pkg/chan/chan.go:24.4,24.28 1 13
github.com/tigera/image-assurance/pkg/chan/chan.go:25.11,26.14 1 2
github.com/tigera/image-assurance/pkg/chan/chan.go:30.2,30.14 1 5
github.com/tigera/image-assurance/pkg/chan/chan.go:34.97,39.2 3 0
github.com/tigera/image-assurance/pkg/chan/chan.go:42.73,43.9 1 3
github.com/tigera/image-assurance/pkg/chan/chan.go:44.20,46.17 2 2
github.com/tigera/image-assurance/pkg/chan/chan.go:47.17,48.18 1 1
github.com/tigera/image-assurance/pkg/chan/chan.go:55.101,56.9 1 0
github.com/tigera/image-assurance/pkg/chan/chan.go:57.20,59.53 2 0
github.com/tigera/image-assurance/pkg/chan/chan.go:60.21,61.10 1 0
github.com/tigera/image-assurance/pkg/chan/chan.go:61.10,63.4 1 0
github.com/tigera/image-assurance/pkg/chan/chan.go:64.3,64.23 1 0
github.com/tigera/image-assurance/pkg/chan/chan.go:69.39,70.9 1 0
github.com/tigera/image-assurance/pkg/chan/chan.go:71.17,72.11 1 0
github.com/tigera/image-assurance/pkg/chan/chan.go:73.10,75.11 2 0
github.com/tigera/image-assurance/pkg/chan/chan.go:79.40,80.9 1 0
github.com/tigera/image-assurance/pkg/chan/chan.go:81.14,81.14 0 0
github.com/tigera/image-assurance/pkg/chan/chan.go:82.10,82.10 0 0
github.com/tigera/image-assurance/pkg/chan/chan.go:89.73,90.9 1 0
github.com/tigera/image-assurance/pkg/chan/chan.go:91.14,91.14 0 0
github.com/tigera/image-assurance/pkg/chan/chan.go:92.20,93.14 1 0
github.com/tigera/image-assurance/pkg/chan/chan.go:95.2,95.14 1 0
github.com/tigera/image-assurance/pkg/chan/chan.go:99.36,101.23 2 0
github.com/tigera/image-assurance/pkg/chan/chan.go:101.23,103.3 1 0
github.com/tigera/image-assurance/pkg/chan/chan.go:104.2,104.15 1 0
